2024-11-21 11:02:18,899 [Worker-1: Loading available Gradle versions] INFO  o.e.b.c.i.u.g.PublishedGradleVersions - Gradle version information cache is out-of-date. Trying to update.
2024-11-21 11:02:30,122 [Worker-1: Loading available Gradle versions] INFO  o.e.b.c.i.u.g.PublishedGradleVersions - Updating Gradle version information cache failed. Using outdated cache.
2024-11-21 12:31:35,457 [Worker-6: Loading available Gradle versions] INFO  o.e.b.c.i.u.g.PublishedGradleVersions - Gradle version information cache is out-of-date. Trying to update.
2024-11-22 10:34:37,039 [Worker-7: Loading available Gradle versions] INFO  o.e.b.c.i.u.g.PublishedGradleVersions - Gradle version information cache is up-to-date. Trying to read.
2024-11-22 11:55:59,163 [Worker-3: Loading available Gradle versions] INFO  o.e.b.c.i.u.g.PublishedGradleVersions - Gradle version information cache is up-to-date. Trying to read.
2024-11-22 21:04:53,966 [Worker-6: Loading available Gradle versions] INFO  o.e.b.c.i.u.g.PublishedGradleVersions - Gradle version information cache is out-of-date. Trying to update.
2024-11-22 21:04:54,189 [Worker-6: Loading available Gradle versions] INFO  o.e.b.c.i.u.g.PublishedGradleVersions - Updating Gradle version information cache failed. Using outdated cache.
2024-11-23 09:56:01,254 [Worker-6: Loading available Gradle versions] INFO  o.e.b.c.i.u.g.PublishedGradleVersions - Gradle version information cache is out-of-date. Trying to update.
2024-11-23 11:41:48,012 [Worker-7: Loading available Gradle versions] INFO  o.e.b.c.i.u.g.PublishedGradleVersions - Gradle version information cache is up-to-date. Trying to read.
2024-11-23 12:04:34,971 [Worker-9: Loading available Gradle versions] INFO  o.e.b.c.i.u.g.PublishedGradleVersions - Gradle version information cache is up-to-date. Trying to read.
2024-11-23 16:25:22,933 [Worker-0: Loading available Gradle versions] INFO  o.e.b.c.i.u.g.PublishedGradleVersions - Gradle version information cache is up-to-date. Trying to read.
2024-11-23 17:14:38,799 [Worker-0: Loading available Gradle versions] INFO  o.e.b.c.i.u.g.PublishedGradleVersions - Gradle version information cache is up-to-date. Trying to read.
2024-11-24 18:32:27,135 [Worker-4: Loading available Gradle versions] INFO  o.e.b.c.i.u.g.PublishedGradleVersions - Gradle version information cache is up-to-date. Trying to read.
2024-11-24 19:24:38,074 [Worker-1: Loading available Gradle versions] INFO  o.e.b.c.i.u.g.PublishedGradleVersions - Gradle version information cache is up-to-date. Trying to read.
2024-11-25 09:55:03,146 [Worker-2: Loading available Gradle versions] INFO  o.e.b.c.i.u.g.PublishedGradleVersions - Gradle version information cache is up-to-date. Trying to read.
2024-11-25 12:01:47,558 [Worker-1: Loading available Gradle versions] INFO  o.e.b.c.i.u.g.PublishedGradleVersions - Gradle version information cache is up-to-date. Trying to read.
2024-11-25 19:11:23,337 [Worker-17: Loading available Gradle versions] INFO  o.e.b.c.i.u.g.PublishedGradleVersions - Gradle version information cache is out-of-date. Trying to update.
2024-11-26 09:51:42,541 [Worker-9: Loading available Gradle versions] INFO  o.e.b.c.i.u.g.PublishedGradleVersions - Gradle version information cache is up-to-date. Trying to read.
2024-11-26 12:15:05,318 [Worker-1: Loading available Gradle versions] INFO  o.e.b.c.i.u.g.PublishedGradleVersions - Gradle version information cache is up-to-date. Trying to read.
2024-11-26 19:30:25,967 [Worker-10: Loading available Gradle versions] INFO  o.e.b.c.i.u.g.PublishedGradleVersions - Gradle version information cache is out-of-date. Trying to update.
2024-11-26 19:30:26,062 [Worker-10: Loading available Gradle versions] INFO  o.e.b.c.i.u.g.PublishedGradleVersions - Updating Gradle version information cache failed. Using outdated cache.
2024-11-26 22:28:34,059 [Worker-4: Loading available Gradle versions] INFO  o.e.b.c.i.u.g.PublishedGradleVersions - Gradle version information cache is out-of-date. Trying to update.
2024-11-26 22:28:34,410 [Worker-4: Loading available Gradle versions] INFO  o.e.b.c.i.u.g.PublishedGradleVersions - Updating Gradle version information cache failed. Using outdated cache.
2024-11-27 10:06:55,111 [Worker-5: Loading available Gradle versions] INFO  o.e.b.c.i.u.g.PublishedGradleVersions - Gradle version information cache is out-of-date. Trying to update.
2024-11-27 10:06:55,230 [Worker-5: Loading available Gradle versions] INFO  o.e.b.c.i.u.g.PublishedGradleVersions - Updating Gradle version information cache failed. Using outdated cache.
2024-11-27 18:20:38,495 [Worker-0: Loading available Gradle versions] INFO  o.e.b.c.i.u.g.PublishedGradleVersions - Gradle version information cache is out-of-date. Trying to update.
2024-11-28 10:10:47,210 [Worker-5: Loading available Gradle versions] INFO  o.e.b.c.i.u.g.PublishedGradleVersions - Gradle version information cache is up-to-date. Trying to read.
2024-11-28 17:10:16,118 [Worker-3: Loading available Gradle versions] INFO  o.e.b.c.i.u.g.PublishedGradleVersions - Gradle version information cache is up-to-date. Trying to read.
2024-11-28 19:38:03,238 [Worker-1: Loading available Gradle versions] INFO  o.e.b.c.i.u.g.PublishedGradleVersions - Gradle version information cache is up-to-date. Trying to read.
2024-11-28 21:39:53,165 [Worker-3: Loading available Gradle versions] INFO  o.e.b.c.i.u.g.PublishedGradleVersions - Gradle version information cache is up-to-date. Trying to read.
2024-11-29 09:59:31,588 [Worker-7: Loading available Gradle versions] INFO  o.e.b.c.i.u.g.PublishedGradleVersions - Gradle version information cache is up-to-date. Trying to read.
2024-11-29 11:56:39,983 [Worker-3: Loading available Gradle versions] INFO  o.e.b.c.i.u.g.PublishedGradleVersions - Gradle version information cache is up-to-date. Trying to read.
2024-11-29 15:54:14,640 [Worker-5: Loading available Gradle versions] INFO  o.e.b.c.i.u.g.PublishedGradleVersions - Gradle version information cache is up-to-date. Trying to read.
2024-11-29 19:28:16,800 [Worker-15: Loading available Gradle versions] INFO  o.e.b.c.i.u.g.PublishedGradleVersions - Gradle version information cache is up-to-date. Trying to read.
2024-12-02 09:55:08,435 [Worker-5: Loading available Gradle versions] INFO  o.e.b.c.i.u.g.PublishedGradleVersions - Gradle version information cache is up-to-date. Trying to read.
2024-12-02 23:26:10,151 [Worker-2: Loading available Gradle versions] INFO  o.e.b.c.i.u.g.PublishedGradleVersions - Gradle version information cache is up-to-date. Trying to read.
2024-12-03 09:52:41,866 [Worker-3: Loading available Gradle versions] INFO  o.e.b.c.i.u.g.PublishedGradleVersions - Gradle version information cache is up-to-date. Trying to read.
2024-12-03 19:20:05,525 [Worker-6: Loading available Gradle versions] INFO  o.e.b.c.i.u.g.PublishedGradleVersions - Gradle version information cache is up-to-date. Trying to read.
2024-12-03 23:26:43,188 [Worker-6: Loading available Gradle versions] INFO  o.e.b.c.i.u.g.PublishedGradleVersions - Gradle version information cache is up-to-date. Trying to read.
2024-12-04 10:07:38,565 [Worker-2: Loading available Gradle versions] INFO  o.e.b.c.i.u.g.PublishedGradleVersions - Gradle version information cache is up-to-date. Trying to read.
2024-12-04 18:45:18,316 [Worker-1: Loading available Gradle versions] INFO  o.e.b.c.i.u.g.PublishedGradleVersions - Gradle version information cache is up-to-date. Trying to read.
2024-12-05 10:02:26,854 [Worker-5: Loading available Gradle versions] INFO  o.e.b.c.i.u.g.PublishedGradleVersions - Gradle version information cache is out-of-date. Trying to update.
2024-12-05 17:47:11,524 [Worker-4: Loading available Gradle versions] INFO  o.e.b.c.i.u.g.PublishedGradleVersions - Gradle version information cache is up-to-date. Trying to read.
2024-12-06 09:54:11,783 [Worker-6: Loading available Gradle versions] INFO  o.e.b.c.i.u.g.PublishedGradleVersions - Gradle version information cache is up-to-date. Trying to read.
2024-12-06 16:15:05,635 [Worker-2: Loading available Gradle versions] INFO  o.e.b.c.i.u.g.PublishedGradleVersions - Gradle version information cache is up-to-date. Trying to read.
2024-12-06 21:52:31,464 [Worker-4: Loading available Gradle versions] INFO  o.e.b.c.i.u.g.PublishedGradleVersions - Gradle version information cache is up-to-date. Trying to read.
2024-12-07 10:03:25,605 [Worker-10: Loading available Gradle versions] INFO  o.e.b.c.i.u.g.PublishedGradleVersions - Gradle version information cache is up-to-date. Trying to read.
2024-12-07 18:57:47,072 [Worker-11: Loading available Gradle versions] INFO  o.e.b.c.i.u.g.PublishedGradleVersions - Gradle version information cache is out-of-date. Trying to update.
2024-12-07 18:57:47,255 [Worker-11: Loading available Gradle versions] INFO  o.e.b.c.i.u.g.PublishedGradleVersions - Updating Gradle version information cache failed. Using outdated cache.
2024-12-08 23:24:54,048 [Worker-2: Loading available Gradle versions] INFO  o.e.b.c.i.u.g.PublishedGradleVersions - Gradle version information cache is out-of-date. Trying to update.
2024-12-08 23:24:54,303 [Worker-2: Loading available Gradle versions] INFO  o.e.b.c.i.u.g.PublishedGradleVersions - Updating Gradle version information cache failed. Using outdated cache.
2024-12-09 19:02:14,162 [Worker-5: Loading available Gradle versions] INFO  o.e.b.c.i.u.g.PublishedGradleVersions - Gradle version information cache is up-to-date. Trying to read.
2024-12-10 07:06:51,668 [Worker-23: Loading available Gradle versions] INFO  o.e.b.c.i.u.g.PublishedGradleVersions - Gradle version information cache is up-to-date. Trying to read.
2024-12-10 10:13:31,384 [Worker-22: Loading available Gradle versions] INFO  o.e.b.c.i.u.g.PublishedGradleVersions - Gradle version information cache is up-to-date. Trying to read.
2024-12-10 14:44:06,110 [Worker-9: Loading available Gradle versions] INFO  o.e.b.c.i.u.g.PublishedGradleVersions - Gradle version information cache is out-of-date. Trying to update.
2024-12-11 10:24:45,184 [Worker-26: Loading available Gradle versions] INFO  o.e.b.c.i.u.g.PublishedGradleVersions - Gradle version information cache is up-to-date. Trying to read.
2024-12-11 10:26:17,360 [ModalContext] INFO  o.e.m.c.i.e.AbstractTransferListenerAdapter - Downloading https://repo.maven.apache.org/maven2/org/apache/maven/archetypes/maven-archetype-quickstart/1.1/maven-archetype-quickstart-1.1.pom
2024-12-11 10:26:17,403 [ModalContext] INFO  o.e.m.c.i.e.AbstractTransferListenerAdapter - Downloaded https://repo.maven.apache.org/maven2/org/apache/maven/archetypes/maven-archetype-quickstart/1.1/maven-archetype-quickstart-1.1.pom
2024-12-11 10:26:17,448 [ModalContext] INFO  o.e.m.c.i.e.AbstractTransferListenerAdapter - Downloading https://repo.maven.apache.org/maven2/org/apache/maven/archetypes/maven-archetype-bundles/4/maven-archetype-bundles-4.pom
2024-12-11 10:26:17,489 [ModalContext] INFO  o.e.m.c.i.e.AbstractTransferListenerAdapter - Downloaded https://repo.maven.apache.org/maven2/org/apache/maven/archetypes/maven-archetype-bundles/4/maven-archetype-bundles-4.pom
2024-12-11 10:26:17,513 [ModalContext] INFO  o.e.m.c.i.e.AbstractTransferListenerAdapter - Downloading https://repo.maven.apache.org/maven2/org/apache/maven/archetype/maven-archetype/2.0-alpha-5/maven-archetype-2.0-alpha-5.pom
2024-12-11 10:26:17,544 [ModalContext] INFO  o.e.m.c.i.e.AbstractTransferListenerAdapter - Downloaded https://repo.maven.apache.org/maven2/org/apache/maven/archetype/maven-archetype/2.0-alpha-5/maven-archetype-2.0-alpha-5.pom
2024-12-11 10:26:17,583 [ModalContext] INFO  o.e.m.c.i.e.AbstractTransferListenerAdapter - Downloading https://repo.maven.apache.org/maven2/org/apache/maven/maven-parent/16/maven-parent-16.pom
2024-12-11 10:26:17,637 [ModalContext] INFO  o.e.m.c.i.e.AbstractTransferListenerAdapter - Downloaded https://repo.maven.apache.org/maven2/org/apache/maven/maven-parent/16/maven-parent-16.pom
2024-12-11 10:26:17,701 [ModalContext] INFO  o.e.m.c.i.e.AbstractTransferListenerAdapter - Downloading https://repo.maven.apache.org/maven2/org/apache/maven/archetypes/maven-archetype-quickstart/1.1/maven-archetype-quickstart-1.1.jar
2024-12-11 10:26:17,783 [ModalContext] INFO  o.e.m.c.i.e.AbstractTransferListenerAdapter - Downloaded https://repo.maven.apache.org/maven2/org/apache/maven/archetypes/maven-archetype-quickstart/1.1/maven-archetype-quickstart-1.1.jar
2024-12-11 10:26:51,183 [Worker-26: Launching mavenrun-7e94d446-16ae-46f1-9114-f1f242f74f5c] INFO  o.eclipse.m2e.core.internal.Bundles - getClasspathEntries(Bundle=org.eclipse.m2e.maven.runtime_3.9.400.20230826-0755 [621])
2024-12-11 10:26:51,185 [Worker-26: Launching mavenrun-7e94d446-16ae-46f1-9114-f1f242f74f5c] INFO  o.eclipse.m2e.core.internal.Bundles - 	Entry: C:\Users\Home\.p2\pool\plugins\org.eclipse.m2e.maven.runtime_3.9.400.20230826-0755
2024-12-11 10:26:51,185 [Worker-26: Launching mavenrun-7e94d446-16ae-46f1-9114-f1f242f74f5c] INFO  o.eclipse.m2e.core.internal.Bundles - 	Entry: C:\Users\Home\.p2\pool\plugins\org.eclipse.m2e.maven.runtime_3.9.400.20230826-0755\jars\aether-connector-okhttp-0.17.8.jar
2024-12-11 10:26:51,185 [Worker-26: Launching mavenrun-7e94d446-16ae-46f1-9114-f1f242f74f5c] INFO  o.eclipse.m2e.core.internal.Bundles - 	Entry: C:\Users\Home\.p2\pool\plugins\org.eclipse.m2e.maven.runtime_3.9.400.20230826-0755\jars\aopalliance-1.0.jar
2024-12-11 10:26:51,185 [Worker-26: Launching mavenrun-7e94d446-16ae-46f1-9114-f1f242f74f5c] INFO  o.eclipse.m2e.core.internal.Bundles - 	Entry: C:\Users\Home\.p2\pool\plugins\org.eclipse.m2e.maven.runtime_3.9.400.20230826-0755\jars\commons-lang3-3.12.0.jar
2024-12-11 10:26:51,185 [Worker-26: Launching mavenrun-7e94d446-16ae-46f1-9114-f1f242f74f5c] INFO  o.eclipse.m2e.core.internal.Bundles - 	Entry: C:\Users\Home\.p2\pool\plugins\org.eclipse.m2e.maven.runtime_3.9.400.20230826-0755\jars\guice-5.1.0.jar
2024-12-11 10:26:51,185 [Worker-26: Launching mavenrun-7e94d446-16ae-46f1-9114-f1f242f74f5c] INFO  o.eclipse.m2e.core.internal.Bundles - 	Entry: C:\Users\Home\.p2\pool\plugins\org.eclipse.m2e.maven.runtime_3.9.400.20230826-0755\jars\jansi-2.4.0.jar
2024-12-11 10:26:51,186 [Worker-26: Launching mavenrun-7e94d446-16ae-46f1-9114-f1f242f74f5c] INFO  o.eclipse.m2e.core.internal.Bundles - 	Entry: C:\Users\Home\.p2\pool\plugins\org.eclipse.m2e.maven.runtime_3.9.400.20230826-0755\jars\maven-artifact-3.9.4.jar
2024-12-11 10:26:51,186 [Worker-26: Launching mavenrun-7e94d446-16ae-46f1-9114-f1f242f74f5c] INFO  o.eclipse.m2e.core.internal.Bundles - 	Entry: C:\Users\Home\.p2\pool\plugins\org.eclipse.m2e.maven.runtime_3.9.400.20230826-0755\jars\maven-builder-support-3.9.4.jar
2024-12-11 10:26:51,186 [Worker-26: Launching mavenrun-7e94d446-16ae-46f1-9114-f1f242f74f5c] INFO  o.eclipse.m2e.core.internal.Bundles - 	Entry: C:\Users\Home\.p2\pool\plugins\org.eclipse.m2e.maven.runtime_3.9.400.20230826-0755\jars\maven-compat-3.9.4.jar
2024-12-11 10:26:51,186 [Worker-26: Launching mavenrun-7e94d446-16ae-46f1-9114-f1f242f74f5c] INFO  o.eclipse.m2e.core.internal.Bundles - 	Entry: C:\Users\Home\.p2\pool\plugins\org.eclipse.m2e.maven.runtime_3.9.400.20230826-0755\jars\maven-core-3.9.4.jar
2024-12-11 10:26:51,186 [Worker-26: Launching mavenrun-7e94d446-16ae-46f1-9114-f1f242f74f5c] INFO  o.eclipse.m2e.core.internal.Bundles - 	Entry: C:\Users\Home\.p2\pool\plugins\org.eclipse.m2e.maven.runtime_3.9.400.20230826-0755\jars\maven-embedder-3.9.4.jar
2024-12-11 10:26:51,186 [Worker-26: Launching mavenrun-7e94d446-16ae-46f1-9114-f1f242f74f5c] INFO  o.eclipse.m2e.core.internal.Bundles - 	Entry: C:\Users\Home\.p2\pool\plugins\org.eclipse.m2e.maven.runtime_3.9.400.20230826-0755\jars\maven-model-3.9.4.jar
2024-12-11 10:26:51,186 [Worker-26: Launching mavenrun-7e94d446-16ae-46f1-9114-f1f242f74f5c] INFO  o.eclipse.m2e.core.internal.Bundles - 	Entry: C:\Users\Home\.p2\pool\plugins\org.eclipse.m2e.maven.runtime_3.9.400.20230826-0755\jars\maven-model-builder-3.9.4.jar
2024-12-11 10:26:51,186 [Worker-26: Launching mavenrun-7e94d446-16ae-46f1-9114-f1f242f74f5c] INFO  o.eclipse.m2e.core.internal.Bundles - 	Entry: C:\Users\Home\.p2\pool\plugins\org.eclipse.m2e.maven.runtime_3.9.400.20230826-0755\jars\maven-plugin-api-3.9.4.jar
2024-12-11 10:26:51,186 [Worker-26: Launching mavenrun-7e94d446-16ae-46f1-9114-f1f242f74f5c] INFO  o.eclipse.m2e.core.internal.Bundles - 	Entry: C:\Users\Home\.p2\pool\plugins\org.eclipse.m2e.maven.runtime_3.9.400.20230826-0755\jars\maven-repository-metadata-3.9.4.jar
2024-12-11 10:26:51,186 [Worker-26: Launching mavenrun-7e94d446-16ae-46f1-9114-f1f242f74f5c] INFO  o.eclipse.m2e.core.internal.Bundles - 	Entry: C:\Users\Home\.p2\pool\plugins\org.eclipse.m2e.maven.runtime_3.9.400.20230826-0755\jars\maven-resolver-api-1.9.14.jar
2024-12-11 10:26:51,186 [Worker-26: Launching mavenrun-7e94d446-16ae-46f1-9114-f1f242f74f5c] INFO  o.eclipse.m2e.core.internal.Bundles - 	Entry: C:\Users\Home\.p2\pool\plugins\org.eclipse.m2e.maven.runtime_3.9.400.20230826-0755\jars\maven-resolver-connector-basic-1.9.14.jar
2024-12-11 10:26:51,187 [Worker-26: Launching mavenrun-7e94d446-16ae-46f1-9114-f1f242f74f5c] INFO  o.eclipse.m2e.core.internal.Bundles - 	Entry: C:\Users\Home\.p2\pool\plugins\org.eclipse.m2e.maven.runtime_3.9.400.20230826-0755\jars\maven-resolver-impl-1.9.14.jar
2024-12-11 10:26:51,187 [Worker-26: Launching mavenrun-7e94d446-16ae-46f1-9114-f1f242f74f5c] INFO  o.eclipse.m2e.core.internal.Bundles - 	Entry: C:\Users\Home\.p2\pool\plugins\org.eclipse.m2e.maven.runtime_3.9.400.20230826-0755\jars\maven-resolver-named-locks-1.9.14.jar
2024-12-11 10:26:51,187 [Worker-26: Launching mavenrun-7e94d446-16ae-46f1-9114-f1f242f74f5c] INFO  o.eclipse.m2e.core.internal.Bundles - 	Entry: C:\Users\Home\.p2\pool\plugins\org.eclipse.m2e.maven.runtime_3.9.400.20230826-0755\jars\maven-resolver-provider-3.9.4.jar
2024-12-11 10:26:51,187 [Worker-26: Launching mavenrun-7e94d446-16ae-46f1-9114-f1f242f74f5c] INFO  o.eclipse.m2e.core.internal.Bundles - 	Entry: C:\Users\Home\.p2\pool\plugins\org.eclipse.m2e.maven.runtime_3.9.400.20230826-0755\jars\maven-resolver-spi-1.9.14.jar
2024-12-11 10:26:51,187 [Worker-26: Launching mavenrun-7e94d446-16ae-46f1-9114-f1f242f74f5c] INFO  o.eclipse.m2e.core.internal.Bundles - 	Entry: C:\Users\Home\.p2\pool\plugins\org.eclipse.m2e.maven.runtime_3.9.400.20230826-0755\jars\maven-resolver-transport-wagon-1.9.14.jar
2024-12-11 10:26:51,187 [Worker-26: Launching mavenrun-7e94d446-16ae-46f1-9114-f1f242f74f5c] INFO  o.eclipse.m2e.core.internal.Bundles - 	Entry: C:\Users\Home\.p2\pool\plugins\org.eclipse.m2e.maven.runtime_3.9.400.20230826-0755\jars\maven-resolver-util-1.9.14.jar
2024-12-11 10:26:51,187 [Worker-26: Launching mavenrun-7e94d446-16ae-46f1-9114-f1f242f74f5c] INFO  o.eclipse.m2e.core.internal.Bundles - 	Entry: C:\Users\Home\.p2\pool\plugins\org.eclipse.m2e.maven.runtime_3.9.400.20230826-0755\jars\maven-settings-3.9.4.jar
2024-12-11 10:26:51,187 [Worker-26: Launching mavenrun-7e94d446-16ae-46f1-9114-f1f242f74f5c] INFO  o.eclipse.m2e.core.internal.Bundles - 	Entry: C:\Users\Home\.p2\pool\plugins\org.eclipse.m2e.maven.runtime_3.9.400.20230826-0755\jars\maven-settings-builder-3.9.4.jar
2024-12-11 10:26:51,187 [Worker-26: Launching mavenrun-7e94d446-16ae-46f1-9114-f1f242f74f5c] INFO  o.eclipse.m2e.core.internal.Bundles - 	Entry: C:\Users\Home\.p2\pool\plugins\org.eclipse.m2e.maven.runtime_3.9.400.20230826-0755\jars\maven-shared-utils-3.3.4.jar
2024-12-11 10:26:51,187 [Worker-26: Launching mavenrun-7e94d446-16ae-46f1-9114-f1f242f74f5c] INFO  o.eclipse.m2e.core.internal.Bundles - 	Entry: C:\Users\Home\.p2\pool\plugins\org.eclipse.m2e.maven.runtime_3.9.400.20230826-0755\jars\okhttp-3.14.1.jar
2024-12-11 10:26:51,187 [Worker-26: Launching mavenrun-7e94d446-16ae-46f1-9114-f1f242f74f5c] INFO  o.eclipse.m2e.core.internal.Bundles - 	Entry: C:\Users\Home\.p2\pool\plugins\org.eclipse.m2e.maven.runtime_3.9.400.20230826-0755\jars\okio-1.17.3.jar
2024-12-11 10:26:51,188 [Worker-26: Launching mavenrun-7e94d446-16ae-46f1-9114-f1f242f74f5c] INFO  o.eclipse.m2e.core.internal.Bundles - 	Entry: C:\Users\Home\.p2\pool\plugins\org.eclipse.m2e.maven.runtime_3.9.400.20230826-0755\jars\org.eclipse.sisu.inject-0.3.5.jar
2024-12-11 10:26:51,188 [Worker-26: Launching mavenrun-7e94d446-16ae-46f1-9114-f1f242f74f5c] INFO  o.eclipse.m2e.core.internal.Bundles - 	Entry: C:\Users\Home\.p2\pool\plugins\org.eclipse.m2e.maven.runtime_3.9.400.20230826-0755\jars\org.eclipse.sisu.plexus-0.3.5.jar
2024-12-11 10:26:51,188 [Worker-26: Launching mavenrun-7e94d446-16ae-46f1-9114-f1f242f74f5c] INFO  o.eclipse.m2e.core.internal.Bundles - 	Entry: C:\Users\Home\.p2\pool\plugins\org.eclipse.m2e.maven.runtime_3.9.400.20230826-0755\jars\plexus-build-api-0.0.7.jar
2024-12-11 10:26:51,188 [Worker-26: Launching mavenrun-7e94d446-16ae-46f1-9114-f1f242f74f5c] INFO  o.eclipse.m2e.core.internal.Bundles - 	Entry: C:\Users\Home\.p2\pool\plugins\org.eclipse.m2e.maven.runtime_3.9.400.20230826-0755\jars\plexus-cipher-2.0.jar
2024-12-11 10:26:51,188 [Worker-26: Launching mavenrun-7e94d446-16ae-46f1-9114-f1f242f74f5c] INFO  o.eclipse.m2e.core.internal.Bundles - 	Entry: C:\Users\Home\.p2\pool\plugins\org.eclipse.m2e.maven.runtime_3.9.400.20230826-0755\jars\plexus-classworlds-2.7.0.jar
2024-12-11 10:26:51,188 [Worker-26: Launching mavenrun-7e94d446-16ae-46f1-9114-f1f242f74f5c] INFO  o.eclipse.m2e.core.internal.Bundles - 	Entry: C:\Users\Home\.p2\pool\plugins\org.eclipse.m2e.maven.runtime_3.9.400.20230826-0755\jars\plexus-component-annotations-2.1.0.jar
2024-12-11 10:26:51,188 [Worker-26: Launching mavenrun-7e94d446-16ae-46f1-9114-f1f242f74f5c] INFO  o.eclipse.m2e.core.internal.Bundles - 	Entry: C:\Users\Home\.p2\pool\plugins\org.eclipse.m2e.maven.runtime_3.9.400.20230826-0755\jars\plexus-interpolation-1.26.jar
2024-12-11 10:26:51,188 [Worker-26: Launching mavenrun-7e94d446-16ae-46f1-9114-f1f242f74f5c] INFO  o.eclipse.m2e.core.internal.Bundles - 	Entry: C:\Users\Home\.p2\pool\plugins\org.eclipse.m2e.maven.runtime_3.9.400.20230826-0755\jars\plexus-sec-dispatcher-2.0.jar
2024-12-11 10:26:51,188 [Worker-26: Launching mavenrun-7e94d446-16ae-46f1-9114-f1f242f74f5c] INFO  o.eclipse.m2e.core.internal.Bundles - 	Entry: C:\Users\Home\.p2\pool\plugins\org.eclipse.m2e.maven.runtime_3.9.400.20230826-0755\jars\plexus-utils-3.5.1.jar
2024-12-11 10:26:51,188 [Worker-26: Launching mavenrun-7e94d446-16ae-46f1-9114-f1f242f74f5c] INFO  o.eclipse.m2e.core.internal.Bundles - 	Entry: C:\Users\Home\.p2\pool\plugins\org.eclipse.m2e.maven.runtime_3.9.400.20230826-0755\jars\wagon-file-3.5.3.jar
2024-12-11 10:26:51,188 [Worker-26: Launching mavenrun-7e94d446-16ae-46f1-9114-f1f242f74f5c] INFO  o.eclipse.m2e.core.internal.Bundles - 	Entry: C:\Users\Home\.p2\pool\plugins\org.eclipse.m2e.maven.runtime_3.9.400.20230826-0755\jars\wagon-provider-api-3.5.3.jar
2024-12-11 10:26:51,190 [Worker-26: Launching mavenrun-7e94d446-16ae-46f1-9114-f1f242f74f5c] INFO  o.eclipse.m2e.core.internal.Bundles - getClasspathEntries(Bundle=com.google.guava_32.1.2.jre [12])
2024-12-11 10:26:51,190 [Worker-26: Launching mavenrun-7e94d446-16ae-46f1-9114-f1f242f74f5c] INFO  o.eclipse.m2e.core.internal.Bundles - 	Entry: C:\Users\Home\.p2\pool\plugins\com.google.guava_32.1.2.jre.jar
2024-12-11 10:26:51,190 [Worker-26: Launching mavenrun-7e94d446-16ae-46f1-9114-f1f242f74f5c] INFO  o.eclipse.m2e.core.internal.Bundles - getClasspathEntries(Bundle=slf4j.api_2.0.9 [982])
2024-12-11 10:26:51,190 [Worker-26: Launching mavenrun-7e94d446-16ae-46f1-9114-f1f242f74f5c] INFO  o.eclipse.m2e.core.internal.Bundles - 	Entry: C:\Users\Home\.p2\pool\plugins\slf4j.api_2.0.9.jar
2024-12-11 10:26:51,190 [Worker-26: Launching mavenrun-7e94d446-16ae-46f1-9114-f1f242f74f5c] INFO  o.eclipse.m2e.core.internal.Bundles - getClasspathEntries(Bundle=javax.inject_1.0.0.v20220405-0441 [38])
2024-12-11 10:26:51,191 [Worker-26: Launching mavenrun-7e94d446-16ae-46f1-9114-f1f242f74f5c] INFO  o.eclipse.m2e.core.internal.Bundles - 	Entry: C:\Users\Home\.p2\pool\plugins\javax.inject_1.0.0.v20220405-0441.jar
2024-12-11 10:26:51,191 [Worker-26: Launching mavenrun-7e94d446-16ae-46f1-9114-f1f242f74f5c] INFO  o.eclipse.m2e.core.internal.Bundles - getClasspathEntries(Bundle=javax.annotation_1.3.5.v20200909-1856 [36])
2024-12-11 10:26:51,191 [Worker-26: Launching mavenrun-7e94d446-16ae-46f1-9114-f1f242f74f5c] INFO  o.eclipse.m2e.core.internal.Bundles - 	Entry: C:\Users\Home\.p2\pool\plugins\javax.annotation_1.3.5.v20200909-1856.jar
2024-12-11 10:26:51,191 [Worker-26: Launching mavenrun-7e94d446-16ae-46f1-9114-f1f242f74f5c] INFO  o.eclipse.m2e.core.internal.Bundles - getClasspathEntries(Bundle=org.apache.commons.cli_1.5.0 [73])
2024-12-11 10:26:51,191 [Worker-26: Launching mavenrun-7e94d446-16ae-46f1-9114-f1f242f74f5c] INFO  o.eclipse.m2e.core.internal.Bundles - 	Entry: C:\Users\Home\.p2\pool\plugins\org.apache.commons.cli_1.5.0.jar
2024-12-11 10:26:51,191 [Worker-26: Launching mavenrun-7e94d446-16ae-46f1-9114-f1f242f74f5c] INFO  o.eclipse.m2e.core.internal.Bundles - getClasspathEntries(Bundle=com.google.guava.failureaccess_1.0.1 [14])
2024-12-11 10:26:51,191 [Worker-26: Launching mavenrun-7e94d446-16ae-46f1-9114-f1f242f74f5c] INFO  o.eclipse.m2e.core.internal.Bundles - 	Entry: C:\Users\Home\.p2\pool\plugins\com.google.guava.failureaccess_1.0.1.jar
2024-12-11 10:26:51,194 [Worker-26: Launching mavenrun-7e94d446-16ae-46f1-9114-f1f242f74f5c] INFO  o.e.m.i.launch.MavenLaunchDelegate - Run build in "C:\Users\Home\AppData\Local\Temp\m2e-archetypeGenerator8782824607208970330":
2024-12-11 10:26:51,198 [Worker-26: Launching mavenrun-7e94d446-16ae-46f1-9114-f1f242f74f5c] INFO  o.e.m.i.launch.MavenLaunchDelegate -  mvn  -DarchetypeGroupId=org.apache.maven.archetypes -DarchetypeArtifactId=maven-archetype-quickstart -DarchetypeVersion=1.1 -DgroupId=com.edubridge -DartifactId=maven_project1 -Dversion=0.0.1-SNAPSHOT -Dpackage=com.edubridge.maven_project1 -DoutputDirectory=D:\EdubridgeJava -B -Dstyle.color=always -U archetype:generate
2024-12-11 10:27:04,857 [Worker-29: Creating maven-archetype-quickstart] INFO  o.e.m.c.i.p.ProjectConfigurationManager - Collecting project info '/pom.xml' D:\EdubridgeJava\maven_project1\pom.xml
2024-12-11 10:27:07,190 [Worker-29: Creating maven-archetype-quickstart] INFO  o.e.m.c.i.l.LifecycleMappingFactory - Using org.eclipse.m2e.jdt.JarLifecycleMapping lifecycle mapping for MavenProject: com.edubridge:maven_project1:0.0.1-SNAPSHOT @ D:\EdubridgeJava\maven_project1\pom.xml.
2024-12-11 10:27:07,311 [Worker-29: Creating maven-archetype-quickstart] INFO  o.e.m.c.i.e.AbstractTransferListenerAdapter - Downloading https://repo.maven.apache.org/maven2/junit/junit/3.8.1/junit-3.8.1.pom
2024-12-11 10:27:07,357 [Worker-29: Creating maven-archetype-quickstart] INFO  o.e.m.c.i.e.AbstractTransferListenerAdapter - Downloaded https://repo.maven.apache.org/maven2/junit/junit/3.8.1/junit-3.8.1.pom
2024-12-11 10:27:07,390 [Worker-29: Creating maven-archetype-quickstart] INFO  o.e.m.c.i.e.AbstractTransferListenerAdapter - Downloading https://repo.maven.apache.org/maven2/junit/junit/3.8.1/junit-3.8.1.jar
2024-12-11 10:27:07,453 [Worker-29: Creating maven-archetype-quickstart] INFO  o.e.m.c.i.e.AbstractTransferListenerAdapter - Downloaded https://repo.maven.apache.org/maven2/junit/junit/3.8.1/junit-3.8.1.jar
2024-12-11 10:27:08,914 [Worker-29: Creating maven-archetype-quickstart] INFO  o.e.m.j.i.AbstractJavaProjectConfigurator - Adding source folder /maven_project1/src/main/java
2024-12-11 10:27:08,915 [Worker-29: Creating maven-archetype-quickstart] INFO  o.e.m.j.i.AbstractJavaProjectConfigurator - Adding resource folder /maven_project1/src/main/resources
2024-12-11 10:27:08,925 [Worker-29: Creating maven-archetype-quickstart] INFO  o.e.m.j.i.AbstractJavaProjectConfigurator - Adding source folder /maven_project1/src/test/java
2024-12-11 10:27:08,926 [Worker-29: Creating maven-archetype-quickstart] INFO  o.e.m.j.i.AbstractJavaProjectConfigurator - Adding resource folder /maven_project1/src/test/resources
2024-12-11 10:27:09,046 [Worker-29: Creating maven-archetype-quickstart] INFO  o.e.m.c.i.p.ProjectConfigurationManager - Imported and configured 1 project(s) in 4 sec
2024-12-11 10:27:09,324 [Worker-28: Building] INFO  o.a.m.s.f.DefaultMavenResourcesFiltering - skip non existing resourceDirectory D:\EdubridgeJava\maven_project1\src\main\resources
2024-12-11 10:27:09,327 [Worker-28: Building] INFO  o.a.m.s.f.DefaultMavenResourcesFiltering - skip non existing resourceDirectory D:\EdubridgeJava\maven_project1\src\test\resources
2024-12-11 10:27:09,653 [Worker-27: Download sources and javadoc] INFO  o.e.m.c.i.e.AbstractTransferListenerAdapter - Downloading https://repo.maven.apache.org/maven2/junit/junit/3.8.1/junit-3.8.1-sources.jar
2024-12-11 10:27:09,718 [Worker-27: Download sources and javadoc] INFO  o.e.m.c.i.e.AbstractTransferListenerAdapter - Downloaded https://repo.maven.apache.org/maven2/junit/junit/3.8.1/junit-3.8.1-sources.jar
2024-12-11 10:27:09,723 [Worker-27: Download sources and javadoc] INFO  o.e.m.j.internal.DownloadSourcesJob - Downloaded sources for junit:junit:3.8.1
2024-12-11 10:36:20,180 [Worker-36: Building] INFO  o.e.m.c.i.l.LifecycleMappingFactory - Using org.eclipse.m2e.jdt.JarLifecycleMapping lifecycle mapping for MavenProject: com.edubridge:maven_project1:0.0.1-SNAPSHOT @ D:\EdubridgeJava\maven_project1\pom.xml.
2024-12-11 10:36:20,207 [Worker-36: Building] INFO  o.e.m.c.i.e.AbstractTransferListenerAdapter - Downloading https://repo.maven.apache.org/maven2/org/projectlombok/lombok/1.18.36/lombok-1.18.36.pom
2024-12-11 10:36:20,240 [Worker-36: Building] INFO  o.e.m.c.i.e.AbstractTransferListenerAdapter - Downloaded https://repo.maven.apache.org/maven2/org/projectlombok/lombok/1.18.36/lombok-1.18.36.pom
2024-12-11 10:36:20,257 [Worker-36: Building] INFO  o.e.m.c.i.e.AbstractTransferListenerAdapter - Downloading https://repo.maven.apache.org/maven2/org/projectlombok/lombok/1.18.36/lombok-1.18.36.jar
2024-12-11 10:36:20,390 [Worker-36: Building] INFO  o.e.m.c.i.e.AbstractTransferListenerAdapter - Downloaded https://repo.maven.apache.org/maven2/org/projectlombok/lombok/1.18.36/lombok-1.18.36.jar
2024-12-11 10:36:20,551 [Worker-36: Building] INFO  o.a.m.s.f.DefaultMavenResourcesFiltering - skip non existing resourceDirectory D:\EdubridgeJava\maven_project1\src\main\resources
2024-12-11 10:36:20,555 [Worker-36: Building] INFO  o.a.m.s.f.DefaultMavenResourcesFiltering - skip non existing resourceDirectory D:\EdubridgeJava\maven_project1\src\test\resources
2024-12-11 10:36:21,482 [Worker-31: Download sources and javadoc] INFO  o.e.m.c.i.e.AbstractTransferListenerAdapter - Downloading https://repo.maven.apache.org/maven2/org/projectlombok/lombok/1.18.36/lombok-1.18.36-sources.jar
2024-12-11 10:36:21,579 [Worker-31: Download sources and javadoc] INFO  o.e.m.c.i.e.AbstractTransferListenerAdapter - Downloaded https://repo.maven.apache.org/maven2/org/projectlombok/lombok/1.18.36/lombok-1.18.36-sources.jar
2024-12-11 10:36:21,583 [Worker-31: Download sources and javadoc] INFO  o.e.m.j.internal.DownloadSourcesJob - Downloaded sources for org.projectlombok:lombok:1.18.36
2024-12-11 10:36:23,262 [Worker-37: Building] INFO  o.e.m.c.i.l.LifecycleMappingFactory - Using org.eclipse.m2e.jdt.JarLifecycleMapping lifecycle mapping for MavenProject: com.edubridge:maven_project1:0.0.1-SNAPSHOT @ D:\EdubridgeJava\maven_project1\pom.xml.
2024-12-11 10:36:23,518 [Worker-37: Building] INFO  o.a.m.s.f.DefaultMavenResourcesFiltering - skip non existing resourceDirectory D:\EdubridgeJava\maven_project1\src\main\resources
2024-12-11 10:36:23,523 [Worker-37: Building] INFO  o.a.m.s.f.DefaultMavenResourcesFiltering - skip non existing resourceDirectory D:\EdubridgeJava\maven_project1\src\test\resources
2024-12-11 10:42:29,498 [Worker-38: Building] INFO  o.e.m.c.i.l.LifecycleMappingFactory - Using org.eclipse.m2e.jdt.JarLifecycleMapping lifecycle mapping for MavenProject: com.edubridge:maven_project1:0.0.1-SNAPSHOT @ D:\EdubridgeJava\maven_project1\pom.xml.
2024-12-11 10:42:29,581 [Worker-38: Building] INFO  o.a.m.s.f.DefaultMavenResourcesFiltering - skip non existing resourceDirectory D:\EdubridgeJava\maven_project1\src\main\resources
2024-12-11 10:42:29,584 [Worker-38: Building] INFO  o.a.m.s.f.DefaultMavenResourcesFiltering - skip non existing resourceDirectory D:\EdubridgeJava\maven_project1\src\test\resources
2024-12-11 10:42:49,521 [Worker-38: Updating Maven Project] INFO  o.e.m.c.i.p.ProjectConfigurationManager - Update started
2024-12-11 10:42:49,664 [Worker-38: Updating Maven Project] INFO  o.e.m.c.i.l.LifecycleMappingFactory - Using org.eclipse.m2e.jdt.JarLifecycleMapping lifecycle mapping for MavenProject: com.edubridge:maven_project1:0.0.1-SNAPSHOT @ D:\EdubridgeJava\maven_project1\pom.xml.
2024-12-11 10:42:49,761 [Worker-38: Updating Maven Project] INFO  o.e.m.j.i.AbstractJavaProjectConfigurator - Adding source folder /maven_project1/src/main/java
2024-12-11 10:42:49,761 [Worker-38: Updating Maven Project] INFO  o.e.m.j.i.AbstractJavaProjectConfigurator - Adding resource folder /maven_project1/src/main/resources
2024-12-11 10:42:49,762 [Worker-38: Updating Maven Project] INFO  o.e.m.j.i.AbstractJavaProjectConfigurator - Adding source folder /maven_project1/src/test/java
2024-12-11 10:42:49,762 [Worker-38: Updating Maven Project] INFO  o.e.m.j.i.AbstractJavaProjectConfigurator - Adding resource folder /maven_project1/src/test/resources
2024-12-11 10:42:49,834 [Worker-38: Updating Maven Project] INFO  o.e.m.c.i.p.ProjectConfigurationManager - Update completed for 1 poms: local refresh takes 0.00 sec, refresh facades takes 0.00 sec, update config takes 0.00 sec 
2024-12-11 10:42:50,015 [Worker-38: Building] INFO  o.a.m.s.f.DefaultMavenResourcesFiltering - skip non existing resourceDirectory D:\EdubridgeJava\maven_project1\src\main\resources
2024-12-11 10:42:50,018 [Worker-38: Building] INFO  o.a.m.s.f.DefaultMavenResourcesFiltering - skip non existing resourceDirectory D:\EdubridgeJava\maven_project1\src\test\resources
2024-12-11 10:43:31,437 [Worker-42: Updating Maven Project] INFO  o.e.m.c.i.p.ProjectConfigurationManager - Update started
2024-12-11 10:43:31,575 [Worker-42: Updating Maven Project] INFO  o.e.m.c.i.l.LifecycleMappingFactory - Using org.eclipse.m2e.jdt.JarLifecycleMapping lifecycle mapping for MavenProject: com.edubridge:maven_project1:0.0.1-SNAPSHOT @ D:\EdubridgeJava\maven_project1\pom.xml.
2024-12-11 10:43:31,668 [Worker-42: Updating Maven Project] INFO  o.e.m.j.i.AbstractJavaProjectConfigurator - Adding source folder /maven_project1/src/main/java
2024-12-11 10:43:31,668 [Worker-42: Updating Maven Project] INFO  o.e.m.j.i.AbstractJavaProjectConfigurator - Adding resource folder /maven_project1/src/main/resources
2024-12-11 10:43:31,669 [Worker-42: Updating Maven Project] INFO  o.e.m.j.i.AbstractJavaProjectConfigurator - Adding source folder /maven_project1/src/test/java
2024-12-11 10:43:31,669 [Worker-42: Updating Maven Project] INFO  o.e.m.j.i.AbstractJavaProjectConfigurator - Adding resource folder /maven_project1/src/test/resources
2024-12-11 10:43:31,724 [Worker-42: Updating Maven Project] INFO  o.e.m.c.i.p.ProjectConfigurationManager - Update completed for 1 poms: local refresh takes 0.00 sec, refresh facades takes 0.00 sec, update config takes 0.00 sec 
2024-12-11 10:43:31,856 [Worker-45: Building] INFO  o.a.m.s.f.DefaultMavenResourcesFiltering - skip non existing resourceDirectory D:\EdubridgeJava\maven_project1\src\main\resources
2024-12-11 10:43:31,859 [Worker-45: Building] INFO  o.a.m.s.f.DefaultMavenResourcesFiltering - skip non existing resourceDirectory D:\EdubridgeJava\maven_project1\src\test\resources
2024-12-11 10:44:02,243 [Worker-39: Building] INFO  o.e.m.c.i.l.LifecycleMappingFactory - Using org.eclipse.m2e.jdt.JarLifecycleMapping lifecycle mapping for MavenProject: com.edubridge:maven_project1:0.0.1-SNAPSHOT @ D:\EdubridgeJava\maven_project1\pom.xml.
2024-12-11 10:44:02,319 [Worker-39: Building] INFO  o.a.m.s.f.DefaultMavenResourcesFiltering - skip non existing resourceDirectory D:\EdubridgeJava\maven_project1\src\main\resources
2024-12-11 10:44:02,322 [Worker-39: Building] INFO  o.a.m.s.f.DefaultMavenResourcesFiltering - skip non existing resourceDirectory D:\EdubridgeJava\maven_project1\src\test\resources
2024-12-11 10:44:13,107 [Worker-43: Updating Maven Project] INFO  o.e.m.c.i.p.ProjectConfigurationManager - Update started
2024-12-11 10:44:13,244 [Worker-43: Updating Maven Project] INFO  o.e.m.c.i.l.LifecycleMappingFactory - Using org.eclipse.m2e.jdt.JarLifecycleMapping lifecycle mapping for MavenProject: com.edubridge:maven_project1:0.0.1-SNAPSHOT @ D:\EdubridgeJava\maven_project1\pom.xml.
2024-12-11 10:44:13,312 [Worker-43: Updating Maven Project] INFO  o.e.m.j.i.AbstractJavaProjectConfigurator - Adding source folder /maven_project1/src/main/java
2024-12-11 10:44:13,312 [Worker-43: Updating Maven Project] INFO  o.e.m.j.i.AbstractJavaProjectConfigurator - Adding resource folder /maven_project1/src/main/resources
2024-12-11 10:44:13,313 [Worker-43: Updating Maven Project] INFO  o.e.m.j.i.AbstractJavaProjectConfigurator - Adding source folder /maven_project1/src/test/java
2024-12-11 10:44:13,313 [Worker-43: Updating Maven Project] INFO  o.e.m.j.i.AbstractJavaProjectConfigurator - Adding resource folder /maven_project1/src/test/resources
2024-12-11 10:44:13,373 [Worker-43: Updating Maven Project] INFO  o.e.m.c.i.p.ProjectConfigurationManager - Update completed for 1 poms: local refresh takes 0.00 sec, refresh facades takes 0.00 sec, update config takes 0.00 sec 
2024-12-11 10:44:13,512 [Worker-45: Building] INFO  o.a.m.s.f.DefaultMavenResourcesFiltering - skip non existing resourceDirectory D:\EdubridgeJava\maven_project1\src\main\resources
2024-12-11 10:44:13,516 [Worker-45: Building] INFO  o.a.m.s.f.DefaultMavenResourcesFiltering - skip non existing resourceDirectory D:\EdubridgeJava\maven_project1\src\test\resources
2024-12-11 10:45:22,446 [Worker-38: Building] INFO  o.e.m.c.i.l.LifecycleMappingFactory - Using org.eclipse.m2e.jdt.JarLifecycleMapping lifecycle mapping for MavenProject: com.edubridge:maven_project1:0.0.1-SNAPSHOT @ D:\EdubridgeJava\maven_project1\pom.xml.
2024-12-11 10:45:22,522 [Worker-38: Building] INFO  o.a.m.s.f.DefaultMavenResourcesFiltering - skip non existing resourceDirectory D:\EdubridgeJava\maven_project1\src\main\resources
2024-12-11 10:45:22,524 [Worker-38: Building] INFO  o.a.m.s.f.DefaultMavenResourcesFiltering - skip non existing resourceDirectory D:\EdubridgeJava\maven_project1\src\test\resources
2024-12-11 10:45:35,956 [Worker-39: Updating Maven Project] INFO  o.e.m.c.i.p.ProjectConfigurationManager - Update started
2024-12-11 10:45:36,066 [Worker-39: Updating Maven Project] INFO  o.e.m.c.i.l.LifecycleMappingFactory - Using org.eclipse.m2e.jdt.JarLifecycleMapping lifecycle mapping for MavenProject: com.edubridge:maven_project1:0.0.1-SNAPSHOT @ D:\EdubridgeJava\maven_project1\pom.xml.
2024-12-11 10:45:36,134 [Worker-39: Updating Maven Project] INFO  o.e.m.j.i.AbstractJavaProjectConfigurator - Adding source folder /maven_project1/src/main/java
2024-12-11 10:45:36,134 [Worker-39: Updating Maven Project] INFO  o.e.m.j.i.AbstractJavaProjectConfigurator - Adding resource folder /maven_project1/src/main/resources
2024-12-11 10:45:36,134 [Worker-39: Updating Maven Project] INFO  o.e.m.j.i.AbstractJavaProjectConfigurator - Adding source folder /maven_project1/src/test/java
2024-12-11 10:45:36,134 [Worker-39: Updating Maven Project] INFO  o.e.m.j.i.AbstractJavaProjectConfigurator - Adding resource folder /maven_project1/src/test/resources
2024-12-11 10:45:36,217 [Worker-39: Updating Maven Project] INFO  o.e.m.c.i.p.ProjectConfigurationManager - Update completed for 1 poms: local refresh takes 0.00 sec, refresh facades takes 0.00 sec, update config takes 0.00 sec 
2024-12-11 10:45:36,349 [Worker-47: Building] INFO  o.a.m.s.f.DefaultMavenResourcesFiltering - skip non existing resourceDirectory D:\EdubridgeJava\maven_project1\src\main\resources
2024-12-11 10:45:36,352 [Worker-47: Building] INFO  o.a.m.s.f.DefaultMavenResourcesFiltering - skip non existing resourceDirectory D:\EdubridgeJava\maven_project1\src\test\resources
2024-12-11 10:50:18,142 [Worker-47: Building] INFO  o.a.m.s.f.DefaultMavenResourcesFiltering - skip non existing resourceDirectory D:\EdubridgeJava\maven_project1\src\main\resources
2024-12-11 10:50:18,146 [Worker-47: Building] INFO  o.a.m.s.f.DefaultMavenResourcesFiltering - skip non existing resourceDirectory D:\EdubridgeJava\maven_project1\src\test\resources
2024-12-11 10:50:56,519 [Worker-48: Building] INFO  o.a.m.s.f.DefaultMavenResourcesFiltering - skip non existing resourceDirectory D:\EdubridgeJava\maven_project1\src\main\resources
2024-12-11 10:50:56,521 [Worker-48: Building] INFO  o.a.m.s.f.DefaultMavenResourcesFiltering - skip non existing resourceDirectory D:\EdubridgeJava\maven_project1\src\test\resources
2024-12-11 10:52:56,335 [Worker-39: Building] INFO  o.a.m.s.f.DefaultMavenResourcesFiltering - skip non existing resourceDirectory D:\EdubridgeJava\maven_project1\src\main\resources
2024-12-11 10:52:56,336 [Worker-39: Building] INFO  o.a.m.s.f.DefaultMavenResourcesFiltering - skip non existing resourceDirectory D:\EdubridgeJava\maven_project1\src\test\resources
2024-12-11 10:56:14,371 [Worker-49: Building] INFO  o.a.m.s.f.DefaultMavenResourcesFiltering - skip non existing resourceDirectory D:\EdubridgeJava\maven_project1\src\main\resources
2024-12-11 10:56:14,373 [Worker-49: Building] INFO  o.a.m.s.f.DefaultMavenResourcesFiltering - skip non existing resourceDirectory D:\EdubridgeJava\maven_project1\src\test\resources
2024-12-11 10:57:14,007 [Worker-49: Building] INFO  o.a.m.s.f.DefaultMavenResourcesFiltering - skip non existing resourceDirectory D:\EdubridgeJava\maven_project1\src\main\resources
2024-12-11 10:57:14,009 [Worker-49: Building] INFO  o.a.m.s.f.DefaultMavenResourcesFiltering - skip non existing resourceDirectory D:\EdubridgeJava\maven_project1\src\test\resources
2024-12-11 10:57:46,097 [Worker-52: Building] INFO  o.a.m.s.f.DefaultMavenResourcesFiltering - skip non existing resourceDirectory D:\EdubridgeJava\maven_project1\src\main\resources
2024-12-11 10:57:46,099 [Worker-52: Building] INFO  o.a.m.s.f.DefaultMavenResourcesFiltering - skip non existing resourceDirectory D:\EdubridgeJava\maven_project1\src\test\resources
2024-12-11 11:02:42,719 [Worker-55: Building] INFO  o.e.m.c.i.l.LifecycleMappingFactory - Using org.eclipse.m2e.jdt.JarLifecycleMapping lifecycle mapping for MavenProject: com.edubridge:maven_project1:0.0.1-SNAPSHOT @ D:\EdubridgeJava\maven_project1\pom.xml.
2024-12-11 11:02:42,755 [Worker-55: Building] INFO  o.e.m.c.i.e.AbstractTransferListenerAdapter - Downloading https://repo.maven.apache.org/maven2/org/junit/jupiter/junit-jupiter-api/5.11.3/junit-jupiter-api-5.11.3.pom
2024-12-11 11:02:42,786 [Worker-55: Building] INFO  o.e.m.c.i.e.AbstractTransferListenerAdapter - Downloaded https://repo.maven.apache.org/maven2/org/junit/jupiter/junit-jupiter-api/5.11.3/junit-jupiter-api-5.11.3.pom
2024-12-11 11:02:42,801 [Worker-55: Building] INFO  o.e.m.c.i.e.AbstractTransferListenerAdapter - Downloading https://repo.maven.apache.org/maven2/org/junit/junit-bom/5.11.3/junit-bom-5.11.3.pom
2024-12-11 11:02:42,841 [Worker-55: Building] INFO  o.e.m.c.i.e.AbstractTransferListenerAdapter - Downloaded https://repo.maven.apache.org/maven2/org/junit/junit-bom/5.11.3/junit-bom-5.11.3.pom
2024-12-11 11:02:42,877 [Worker-55: Building] INFO  o.e.m.c.i.e.AbstractTransferListenerAdapter - Downloading https://repo.maven.apache.org/maven2/org/junit/platform/junit-platform-commons/1.11.3/junit-platform-commons-1.11.3.pom
2024-12-11 11:02:42,919 [Worker-55: Building] INFO  o.e.m.c.i.e.AbstractTransferListenerAdapter - Downloaded https://repo.maven.apache.org/maven2/org/junit/platform/junit-platform-commons/1.11.3/junit-platform-commons-1.11.3.pom
2024-12-11 11:02:42,953 [AetherRepositoryConnector-repo.maven.apache.org-0-0] INFO  o.e.m.c.i.e.AbstractTransferListenerAdapter - Downloading https://repo.maven.apache.org/maven2/org/junit/jupiter/junit-jupiter-api/5.11.3/junit-jupiter-api-5.11.3.jar
2024-12-11 11:02:42,973 [AetherRepositoryConnector-repo.maven.apache.org-0-1] INFO  o.e.m.c.i.e.AbstractTransferListenerAdapter - Downloading https://repo.maven.apache.org/maven2/org/junit/platform/junit-platform-commons/1.11.3/junit-platform-commons-1.11.3.jar
2024-12-11 11:02:43,024 [AetherRepositoryConnector-repo.maven.apache.org-0-0] INFO  o.e.m.c.i.e.AbstractTransferListenerAdapter - Downloaded https://repo.maven.apache.org/maven2/org/junit/jupiter/junit-jupiter-api/5.11.3/junit-jupiter-api-5.11.3.jar
2024-12-11 11:02:43,024 [AetherRepositoryConnector-repo.maven.apache.org-0-1] INFO  o.e.m.c.i.e.AbstractTransferListenerAdapter - Downloaded https://repo.maven.apache.org/maven2/org/junit/platform/junit-platform-commons/1.11.3/junit-platform-commons-1.11.3.jar
2024-12-11 11:02:43,265 [Worker-55: Building] INFO  o.a.m.s.f.DefaultMavenResourcesFiltering - skip non existing resourceDirectory D:\EdubridgeJava\maven_project1\src\main\resources
2024-12-11 11:02:43,268 [Worker-55: Building] INFO  o.a.m.s.f.DefaultMavenResourcesFiltering - skip non existing resourceDirectory D:\EdubridgeJava\maven_project1\src\test\resources
2024-12-11 11:02:44,305 [Worker-51: Download sources and javadoc] INFO  o.e.m.c.i.e.AbstractTransferListenerAdapter - Downloading https://repo.maven.apache.org/maven2/org/junit/jupiter/junit-jupiter-api/5.11.3/junit-jupiter-api-5.11.3-sources.jar
2024-12-11 11:02:44,363 [Worker-51: Download sources and javadoc] INFO  o.e.m.c.i.e.AbstractTransferListenerAdapter - Downloaded https://repo.maven.apache.org/maven2/org/junit/jupiter/junit-jupiter-api/5.11.3/junit-jupiter-api-5.11.3-sources.jar
2024-12-11 11:02:44,366 [Worker-51: Download sources and javadoc] INFO  o.e.m.j.internal.DownloadSourcesJob - Downloaded sources for org.junit.jupiter:junit-jupiter-api:5.11.3
2024-12-11 11:02:44,401 [Worker-51: Download sources and javadoc] INFO  o.e.m.c.i.e.AbstractTransferListenerAdapter - Downloading https://repo.maven.apache.org/maven2/org/junit/platform/junit-platform-commons/1.11.3/junit-platform-commons-1.11.3-sources.jar
2024-12-11 11:02:44,441 [Worker-51: Download sources and javadoc] INFO  o.e.m.c.i.e.AbstractTransferListenerAdapter - Downloaded https://repo.maven.apache.org/maven2/org/junit/platform/junit-platform-commons/1.11.3/junit-platform-commons-1.11.3-sources.jar
2024-12-11 11:02:44,444 [Worker-51: Download sources and javadoc] INFO  o.e.m.j.internal.DownloadSourcesJob - Downloaded sources for org.junit.platform:junit-platform-commons:1.11.3
2024-12-11 11:04:04,546 [Worker-51: Building] INFO  o.e.m.c.i.l.LifecycleMappingFactory - Using org.eclipse.m2e.jdt.JarLifecycleMapping lifecycle mapping for MavenProject: com.edubridge:maven_project1:0.0.1-SNAPSHOT @ D:\EdubridgeJava\maven_project1\pom.xml.
2024-12-11 11:04:04,835 [Worker-51: Building] INFO  o.a.m.s.f.DefaultMavenResourcesFiltering - skip non existing resourceDirectory D:\EdubridgeJava\maven_project1\src\main\resources
2024-12-11 11:04:04,839 [Worker-51: Building] INFO  o.a.m.s.f.DefaultMavenResourcesFiltering - skip non existing resourceDirectory D:\EdubridgeJava\maven_project1\src\test\resources
2024-12-11 11:04:08,781 [Worker-55: Building] INFO  o.e.m.c.i.l.LifecycleMappingFactory - Using org.eclipse.m2e.jdt.JarLifecycleMapping lifecycle mapping for MavenProject: com.edubridge:maven_project1:0.0.1-SNAPSHOT @ D:\EdubridgeJava\maven_project1\pom.xml.
2024-12-11 11:04:12,688 [Worker-55: Building] INFO  o.e.m.c.i.e.AbstractTransferListenerAdapter - Downloading https://repo.maven.apache.org/maven2/org/junit/jupiter/junit-jupiter-engine/5.11.3/junit-jupiter-engine-5.11.3.pom
2024-12-11 11:04:12,989 [Worker-55: Building] INFO  o.e.m.c.i.e.AbstractTransferListenerAdapter - Downloaded https://repo.maven.apache.org/maven2/org/junit/jupiter/junit-jupiter-engine/5.11.3/junit-jupiter-engine-5.11.3.pom
2024-12-11 11:04:13,308 [Worker-55: Building] INFO  o.e.m.c.i.e.AbstractTransferListenerAdapter - Downloading https://repo.maven.apache.org/maven2/org/junit/platform/junit-platform-engine/1.11.3/junit-platform-engine-1.11.3.pom
2024-12-11 11:04:13,369 [Worker-55: Building] INFO  o.e.m.c.i.e.AbstractTransferListenerAdapter - Downloaded https://repo.maven.apache.org/maven2/org/junit/platform/junit-platform-engine/1.11.3/junit-platform-engine-1.11.3.pom
2024-12-11 11:04:13,691 [AetherRepositoryConnector-repo.maven.apache.org-1-0] INFO  o.e.m.c.i.e.AbstractTransferListenerAdapter - Downloading https://repo.maven.apache.org/maven2/org/junit/jupiter/junit-jupiter-engine/5.11.3/junit-jupiter-engine-5.11.3.jar
2024-12-11 11:04:13,901 [AetherRepositoryConnector-repo.maven.apache.org-1-1] INFO  o.e.m.c.i.e.AbstractTransferListenerAdapter - Downloading https://repo.maven.apache.org/maven2/org/junit/platform/junit-platform-engine/1.11.3/junit-platform-engine-1.11.3.jar
2024-12-11 11:04:14,458 [AetherRepositoryConnector-repo.maven.apache.org-1-0] INFO  o.e.m.c.i.e.AbstractTransferListenerAdapter - Downloaded https://repo.maven.apache.org/maven2/org/junit/jupiter/junit-jupiter-engine/5.11.3/junit-jupiter-engine-5.11.3.jar
2024-12-11 11:04:14,481 [AetherRepositoryConnector-repo.maven.apache.org-1-1] INFO  o.e.m.c.i.e.AbstractTransferListenerAdapter - Downloaded https://repo.maven.apache.org/maven2/org/junit/platform/junit-platform-engine/1.11.3/junit-platform-engine-1.11.3.jar
2024-12-11 11:04:14,674 [Worker-55: Building] INFO  o.a.m.s.f.DefaultMavenResourcesFiltering - skip non existing resourceDirectory D:\EdubridgeJava\maven_project1\src\main\resources
2024-12-11 11:04:14,676 [Worker-55: Building] INFO  o.a.m.s.f.DefaultMavenResourcesFiltering - skip non existing resourceDirectory D:\EdubridgeJava\maven_project1\src\test\resources
2024-12-11 11:04:15,679 [Worker-56: Download sources and javadoc] INFO  o.e.m.c.i.e.AbstractTransferListenerAdapter - Downloading https://repo.maven.apache.org/maven2/org/junit/jupiter/junit-jupiter-engine/5.11.3/junit-jupiter-engine-5.11.3-sources.jar
2024-12-11 11:04:15,838 [Worker-56: Download sources and javadoc] INFO  o.e.m.c.i.e.AbstractTransferListenerAdapter - Downloaded https://repo.maven.apache.org/maven2/org/junit/jupiter/junit-jupiter-engine/5.11.3/junit-jupiter-engine-5.11.3-sources.jar
2024-12-11 11:04:15,841 [Worker-56: Download sources and javadoc] INFO  o.e.m.j.internal.DownloadSourcesJob - Downloaded sources for org.junit.jupiter:junit-jupiter-engine:5.11.3
2024-12-11 11:04:16,067 [Worker-56: Download sources and javadoc] INFO  o.e.m.c.i.e.AbstractTransferListenerAdapter - Downloading https://repo.maven.apache.org/maven2/org/junit/platform/junit-platform-engine/1.11.3/junit-platform-engine-1.11.3-sources.jar
2024-12-11 11:04:16,209 [Worker-56: Download sources and javadoc] INFO  o.e.m.c.i.e.AbstractTransferListenerAdapter - Downloaded https://repo.maven.apache.org/maven2/org/junit/platform/junit-platform-engine/1.11.3/junit-platform-engine-1.11.3-sources.jar
2024-12-11 11:04:16,211 [Worker-56: Download sources and javadoc] INFO  o.e.m.j.internal.DownloadSourcesJob - Downloaded sources for org.junit.platform:junit-platform-engine:1.11.3
2024-12-11 11:04:19,375 [Worker-54: Building] INFO  o.e.m.c.i.l.LifecycleMappingFactory - Using org.eclipse.m2e.jdt.JarLifecycleMapping lifecycle mapping for MavenProject: com.edubridge:maven_project1:0.0.1-SNAPSHOT @ D:\EdubridgeJava\maven_project1\pom.xml.
2024-12-11 11:04:19,565 [Worker-54: Building] INFO  o.a.m.s.f.DefaultMavenResourcesFiltering - skip non existing resourceDirectory D:\EdubridgeJava\maven_project1\src\main\resources
2024-12-11 11:04:19,569 [Worker-54: Building] INFO  o.a.m.s.f.DefaultMavenResourcesFiltering - skip non existing resourceDirectory D:\EdubridgeJava\maven_project1\src\test\resources
2024-12-11 11:06:47,808 [Worker-59: Building] INFO  o.e.m.c.i.l.LifecycleMappingFactory - Using org.eclipse.m2e.jdt.JarLifecycleMapping lifecycle mapping for MavenProject: com.edubridge:maven_project1:0.0.1-SNAPSHOT @ D:\EdubridgeJava\maven_project1\pom.xml.
2024-12-11 11:06:47,903 [Worker-59: Building] INFO  o.a.m.s.f.DefaultMavenResourcesFiltering - skip non existing resourceDirectory D:\EdubridgeJava\maven_project1\src\main\resources
2024-12-11 11:06:47,905 [Worker-59: Building] INFO  o.a.m.s.f.DefaultMavenResourcesFiltering - skip non existing resourceDirectory D:\EdubridgeJava\maven_project1\src\test\resources
2024-12-11 11:07:59,627 [Worker-54: Building] INFO  o.a.m.s.f.DefaultMavenResourcesFiltering - skip non existing resourceDirectory D:\EdubridgeJava\maven_project1\src\main\resources
2024-12-11 11:07:59,628 [Worker-54: Building] INFO  o.a.m.s.f.DefaultMavenResourcesFiltering - skip non existing resourceDirectory D:\EdubridgeJava\maven_project1\src\test\resources
2024-12-11 11:08:21,797 [Worker-56: Building] INFO  o.a.m.s.f.DefaultMavenResourcesFiltering - skip non existing resourceDirectory D:\EdubridgeJava\maven_project1\src\main\resources
2024-12-11 11:08:21,798 [Worker-56: Building] INFO  o.a.m.s.f.DefaultMavenResourcesFiltering - skip non existing resourceDirectory D:\EdubridgeJava\maven_project1\src\test\resources
2024-12-11 11:18:10,904 [Worker-57: Building] INFO  o.a.m.s.f.DefaultMavenResourcesFiltering - skip non existing resourceDirectory D:\EdubridgeJava\maven_project1\src\main\resources
2024-12-11 11:18:10,906 [Worker-57: Building] INFO  o.a.m.s.f.DefaultMavenResourcesFiltering - skip non existing resourceDirectory D:\EdubridgeJava\maven_project1\src\test\resources
2024-12-11 11:19:33,349 [Worker-61: Building] INFO  o.a.m.s.f.DefaultMavenResourcesFiltering - skip non existing resourceDirectory D:\EdubridgeJava\maven_project1\src\main\resources
2024-12-11 11:19:33,351 [Worker-61: Building] INFO  o.a.m.s.f.DefaultMavenResourcesFiltering - skip non existing resourceDirectory D:\EdubridgeJava\maven_project1\src\test\resources
2024-12-11 11:19:41,079 [Worker-61: Building] INFO  o.a.m.s.f.DefaultMavenResourcesFiltering - skip non existing resourceDirectory D:\EdubridgeJava\maven_project1\src\main\resources
2024-12-11 11:19:41,080 [Worker-61: Building] INFO  o.a.m.s.f.DefaultMavenResourcesFiltering - skip non existing resourceDirectory D:\EdubridgeJava\maven_project1\src\test\resources
2024-12-11 11:19:55,625 [Worker-62: Launching CalciTest (3)] INFO  o.e.m.c.i.e.AbstractTransferListenerAdapter - Downloading https://repo.maven.apache.org/maven2/org/junit/platform/junit-platform-launcher/1.11.3/junit-platform-launcher-1.11.3.jar
2024-12-11 11:19:55,672 [Worker-62: Launching CalciTest (3)] INFO  o.e.m.c.i.e.AbstractTransferListenerAdapter - Downloaded https://repo.maven.apache.org/maven2/org/junit/platform/junit-platform-launcher/1.11.3/junit-platform-launcher-1.11.3.jar
2024-12-11 11:20:32,029 [Worker-61: Building] INFO  o.a.m.s.f.DefaultMavenResourcesFiltering - skip non existing resourceDirectory D:\EdubridgeJava\maven_project1\src\main\resources
2024-12-11 11:20:32,031 [Worker-61: Building] INFO  o.a.m.s.f.DefaultMavenResourcesFiltering - skip non existing resourceDirectory D:\EdubridgeJava\maven_project1\src\test\resources
2024-12-11 11:21:51,618 [Worker-51: Building] INFO  o.a.m.s.f.DefaultMavenResourcesFiltering - skip non existing resourceDirectory D:\EdubridgeJava\maven_project1\src\main\resources
2024-12-11 11:21:51,620 [Worker-51: Building] INFO  o.a.m.s.f.DefaultMavenResourcesFiltering - skip non existing resourceDirectory D:\EdubridgeJava\maven_project1\src\test\resources
2024-12-11 11:22:29,791 [Worker-63: Building] INFO  o.a.m.s.f.DefaultMavenResourcesFiltering - skip non existing resourceDirectory D:\EdubridgeJava\maven_project1\src\main\resources
2024-12-11 11:22:29,793 [Worker-63: Building] INFO  o.a.m.s.f.DefaultMavenResourcesFiltering - skip non existing resourceDirectory D:\EdubridgeJava\maven_project1\src\test\resources
2024-12-11 11:23:05,754 [Worker-63: Building] INFO  o.a.m.s.f.DefaultMavenResourcesFiltering - skip non existing resourceDirectory D:\EdubridgeJava\maven_project1\src\main\resources
2024-12-11 11:23:05,755 [Worker-63: Building] INFO  o.a.m.s.f.DefaultMavenResourcesFiltering - skip non existing resourceDirectory D:\EdubridgeJava\maven_project1\src\test\resources
2024-12-11 16:06:55,759 [Worker-5: Loading available Gradle versions] INFO  o.e.b.c.i.u.g.PublishedGradleVersions - Gradle version information cache is out-of-date. Trying to update.
2024-12-11 16:06:56,320 [Worker-5: Loading available Gradle versions] INFO  o.e.b.c.i.u.g.PublishedGradleVersions - Updating Gradle version information cache failed. Using outdated cache.
2024-12-11 18:35:52,184 [Worker-1: Loading available Gradle versions] INFO  o.e.b.c.i.u.g.PublishedGradleVersions - Gradle version information cache is up-to-date. Trying to read.
2024-12-11 18:36:28,813 [Worker-2: Building] INFO  o.a.m.s.f.DefaultMavenResourcesFiltering - skip non existing resourceDirectory D:\EdubridgeJava\maven_project1\src\main\resources
2024-12-11 18:36:28,818 [Worker-2: Building] INFO  o.a.m.s.f.DefaultMavenResourcesFiltering - skip non existing resourceDirectory D:\EdubridgeJava\maven_project1\src\test\resources
2024-12-11 18:40:08,801 [Worker-5: Building] INFO  o.a.m.s.f.DefaultMavenResourcesFiltering - skip non existing resourceDirectory D:\EdubridgeJava\maven_project1\src\main\resources
2024-12-11 18:40:08,805 [Worker-5: Building] INFO  o.a.m.s.f.DefaultMavenResourcesFiltering - skip non existing resourceDirectory D:\EdubridgeJava\maven_project1\src\test\resources
2024-12-11 18:40:51,244 [Worker-19: Building] INFO  o.a.m.s.f.DefaultMavenResourcesFiltering - skip non existing resourceDirectory D:\EdubridgeJava\maven_project1\src\main\resources
2024-12-11 18:40:51,248 [Worker-19: Building] INFO  o.a.m.s.f.DefaultMavenResourcesFiltering - skip non existing resourceDirectory D:\EdubridgeJava\maven_project1\src\test\resources
2024-12-11 18:42:18,832 [Worker-16: Building] INFO  o.a.m.s.f.DefaultMavenResourcesFiltering - skip non existing resourceDirectory D:\EdubridgeJava\maven_project1\src\main\resources
2024-12-11 18:42:18,836 [Worker-16: Building] INFO  o.a.m.s.f.DefaultMavenResourcesFiltering - skip non existing resourceDirectory D:\EdubridgeJava\maven_project1\src\test\resources
2024-12-11 18:42:28,669 [Worker-2: Building] INFO  o.a.m.s.f.DefaultMavenResourcesFiltering - skip non existing resourceDirectory D:\EdubridgeJava\maven_project1\src\main\resources
2024-12-11 18:42:28,674 [Worker-2: Building] INFO  o.a.m.s.f.DefaultMavenResourcesFiltering - skip non existing resourceDirectory D:\EdubridgeJava\maven_project1\src\test\resources
2024-12-11 18:43:12,950 [Worker-2: Building] INFO  o.a.m.s.f.DefaultMavenResourcesFiltering - skip non existing resourceDirectory D:\EdubridgeJava\maven_project1\src\main\resources
2024-12-11 18:43:12,953 [Worker-2: Building] INFO  o.a.m.s.f.DefaultMavenResourcesFiltering - skip non existing resourceDirectory D:\EdubridgeJava\maven_project1\src\test\resources
2024-12-11 18:44:42,268 [Worker-19: Building] INFO  o.a.m.s.f.DefaultMavenResourcesFiltering - skip non existing resourceDirectory D:\EdubridgeJava\maven_project1\src\main\resources
2024-12-11 18:44:42,270 [Worker-19: Building] INFO  o.a.m.s.f.DefaultMavenResourcesFiltering - skip non existing resourceDirectory D:\EdubridgeJava\maven_project1\src\test\resources
2024-12-11 18:45:02,408 [Worker-16: Building] INFO  o.a.m.s.f.DefaultMavenResourcesFiltering - skip non existing resourceDirectory D:\EdubridgeJava\maven_project1\src\main\resources
2024-12-11 18:45:02,412 [Worker-16: Building] INFO  o.a.m.s.f.DefaultMavenResourcesFiltering - skip non existing resourceDirectory D:\EdubridgeJava\maven_project1\src\test\resources
2024-12-11 18:45:10,320 [Worker-2: Building] INFO  o.a.m.s.f.DefaultMavenResourcesFiltering - skip non existing resourceDirectory D:\EdubridgeJava\maven_project1\src\main\resources
2024-12-11 18:45:10,322 [Worker-2: Building] INFO  o.a.m.s.f.DefaultMavenResourcesFiltering - skip non existing resourceDirectory D:\EdubridgeJava\maven_project1\src\test\resources
2024-12-11 18:45:45,238 [Worker-2: Building] INFO  o.a.m.s.f.DefaultMavenResourcesFiltering - skip non existing resourceDirectory D:\EdubridgeJava\maven_project1\src\main\resources
2024-12-11 18:45:45,242 [Worker-2: Building] INFO  o.a.m.s.f.DefaultMavenResourcesFiltering - skip non existing resourceDirectory D:\EdubridgeJava\maven_project1\src\test\resources
2024-12-11 18:47:01,093 [Worker-18: Building] INFO  o.a.m.s.f.DefaultMavenResourcesFiltering - skip non existing resourceDirectory D:\EdubridgeJava\maven_project1\src\main\resources
2024-12-11 18:47:01,096 [Worker-18: Building] INFO  o.a.m.s.f.DefaultMavenResourcesFiltering - skip non existing resourceDirectory D:\EdubridgeJava\maven_project1\src\test\resources
2024-12-11 18:47:06,777 [Worker-12: Building] INFO  o.a.m.s.f.DefaultMavenResourcesFiltering - skip non existing resourceDirectory D:\EdubridgeJava\maven_project1\src\main\resources
2024-12-11 18:47:06,780 [Worker-12: Building] INFO  o.a.m.s.f.DefaultMavenResourcesFiltering - skip non existing resourceDirectory D:\EdubridgeJava\maven_project1\src\test\resources
2024-12-11 18:47:30,029 [Worker-19: Building] INFO  o.a.m.s.f.DefaultMavenResourcesFiltering - skip non existing resourceDirectory D:\EdubridgeJava\maven_project1\src\main\resources
2024-12-11 18:47:30,031 [Worker-19: Building] INFO  o.a.m.s.f.DefaultMavenResourcesFiltering - skip non existing resourceDirectory D:\EdubridgeJava\maven_project1\src\test\resources
2024-12-11 18:48:55,361 [Worker-12: Building] INFO  o.a.m.s.f.DefaultMavenResourcesFiltering - skip non existing resourceDirectory D:\EdubridgeJava\maven_project1\src\main\resources
2024-12-11 18:48:55,363 [Worker-12: Building] INFO  o.a.m.s.f.DefaultMavenResourcesFiltering - skip non existing resourceDirectory D:\EdubridgeJava\maven_project1\src\test\resources
2024-12-11 18:49:01,916 [Worker-19: Building] INFO  o.a.m.s.f.DefaultMavenResourcesFiltering - skip non existing resourceDirectory D:\EdubridgeJava\maven_project1\src\main\resources
2024-12-11 18:49:01,918 [Worker-19: Building] INFO  o.a.m.s.f.DefaultMavenResourcesFiltering - skip non existing resourceDirectory D:\EdubridgeJava\maven_project1\src\test\resources
2024-12-11 18:49:26,963 [Worker-2: Building] INFO  o.a.m.s.f.DefaultMavenResourcesFiltering - skip non existing resourceDirectory D:\EdubridgeJava\maven_project1\src\main\resources
2024-12-11 18:49:26,966 [Worker-2: Building] INFO  o.a.m.s.f.DefaultMavenResourcesFiltering - skip non existing resourceDirectory D:\EdubridgeJava\maven_project1\src\test\resources
2024-12-11 18:49:58,534 [Worker-19: Building] INFO  o.a.m.s.f.DefaultMavenResourcesFiltering - skip non existing resourceDirectory D:\EdubridgeJava\maven_project1\src\main\resources
2024-12-11 18:49:58,537 [Worker-19: Building] INFO  o.a.m.s.f.DefaultMavenResourcesFiltering - skip non existing resourceDirectory D:\EdubridgeJava\maven_project1\src\test\resources
2024-12-11 18:50:22,842 [Worker-5: Building] INFO  o.a.m.s.f.DefaultMavenResourcesFiltering - skip non existing resourceDirectory D:\EdubridgeJava\maven_project1\src\main\resources
2024-12-11 18:50:22,846 [Worker-5: Building] INFO  o.a.m.s.f.DefaultMavenResourcesFiltering - skip non existing resourceDirectory D:\EdubridgeJava\maven_project1\src\test\resources
2024-12-11 22:12:12,475 [Worker-0: Loading available Gradle versions] INFO  o.e.b.c.i.u.g.PublishedGradleVersions - Gradle version information cache is up-to-date. Trying to read.
2024-12-12 10:04:28,291 [Worker-9: Loading available Gradle versions] INFO  o.e.b.c.i.u.g.PublishedGradleVersions - Gradle version information cache is up-to-date. Trying to read.
2024-12-12 10:28:47,297 [Worker-22: Building] INFO  o.a.m.s.f.DefaultMavenResourcesFiltering - skip non existing resourceDirectory D:\EdubridgeJava\maven_project1\src\main\resources
2024-12-12 10:28:47,300 [Worker-22: Building] INFO  o.a.m.s.f.DefaultMavenResourcesFiltering - skip non existing resourceDirectory D:\EdubridgeJava\maven_project1\src\test\resources
2024-12-12 10:28:49,373 [Worker-23: Building] INFO  o.a.m.s.f.DefaultMavenResourcesFiltering - skip non existing resourceDirectory D:\EdubridgeJava\maven_project1\src\main\resources
2024-12-12 10:28:49,375 [Worker-23: Building] INFO  o.a.m.s.f.DefaultMavenResourcesFiltering - skip non existing resourceDirectory D:\EdubridgeJava\maven_project1\src\test\resources
2024-12-12 10:29:36,631 [Worker-27: Building] INFO  o.a.m.s.f.DefaultMavenResourcesFiltering - skip non existing resourceDirectory D:\EdubridgeJava\maven_project1\src\main\resources
2024-12-12 10:29:36,634 [Worker-27: Building] INFO  o.a.m.s.f.DefaultMavenResourcesFiltering - skip non existing resourceDirectory D:\EdubridgeJava\maven_project1\src\test\resources
2024-12-12 10:29:42,104 [Worker-26: Building] INFO  o.a.m.s.f.DefaultMavenResourcesFiltering - skip non existing resourceDirectory D:\EdubridgeJava\maven_project1\src\main\resources
2024-12-12 10:29:42,107 [Worker-26: Building] INFO  o.a.m.s.f.DefaultMavenResourcesFiltering - skip non existing resourceDirectory D:\EdubridgeJava\maven_project1\src\test\resources
2024-12-12 10:30:03,914 [Worker-28: Building] INFO  o.a.m.s.f.DefaultMavenResourcesFiltering - skip non existing resourceDirectory D:\EdubridgeJava\maven_project1\src\main\resources
2024-12-12 10:30:03,918 [Worker-28: Building] INFO  o.a.m.s.f.DefaultMavenResourcesFiltering - skip non existing resourceDirectory D:\EdubridgeJava\maven_project1\src\test\resources
2024-12-12 10:30:43,097 [Worker-29: Building] INFO  o.a.m.s.f.DefaultMavenResourcesFiltering - skip non existing resourceDirectory D:\EdubridgeJava\maven_project1\src\main\resources
2024-12-12 10:30:43,100 [Worker-29: Building] INFO  o.a.m.s.f.DefaultMavenResourcesFiltering - skip non existing resourceDirectory D:\EdubridgeJava\maven_project1\src\test\resources
2024-12-12 10:31:05,474 [Worker-23: Building] INFO  o.a.m.s.f.DefaultMavenResourcesFiltering - skip non existing resourceDirectory D:\EdubridgeJava\maven_project1\src\main\resources
2024-12-12 10:31:05,476 [Worker-23: Building] INFO  o.a.m.s.f.DefaultMavenResourcesFiltering - skip non existing resourceDirectory D:\EdubridgeJava\maven_project1\src\test\resources
2024-12-12 10:32:08,912 [Worker-23: Building] INFO  o.a.m.s.f.DefaultMavenResourcesFiltering - skip non existing resourceDirectory D:\EdubridgeJava\maven_project1\src\main\resources
2024-12-12 10:32:08,915 [Worker-23: Building] INFO  o.a.m.s.f.DefaultMavenResourcesFiltering - skip non existing resourceDirectory D:\EdubridgeJava\maven_project1\src\test\resources
2024-12-12 10:32:35,078 [Worker-28: Building] INFO  o.a.m.s.f.DefaultMavenResourcesFiltering - skip non existing resourceDirectory D:\EdubridgeJava\maven_project1\src\main\resources
2024-12-12 10:32:35,079 [Worker-28: Building] INFO  o.a.m.s.f.DefaultMavenResourcesFiltering - skip non existing resourceDirectory D:\EdubridgeJava\maven_project1\src\test\resources
2024-12-12 10:32:43,863 [Worker-28: Building] INFO  o.a.m.s.f.DefaultMavenResourcesFiltering - skip non existing resourceDirectory D:\EdubridgeJava\maven_project1\src\main\resources
2024-12-12 10:32:43,865 [Worker-28: Building] INFO  o.a.m.s.f.DefaultMavenResourcesFiltering - skip non existing resourceDirectory D:\EdubridgeJava\maven_project1\src\test\resources
2024-12-12 10:32:59,370 [Worker-22: Building] INFO  o.a.m.s.f.DefaultMavenResourcesFiltering - skip non existing resourceDirectory D:\EdubridgeJava\maven_project1\src\main\resources
2024-12-12 10:32:59,371 [Worker-22: Building] INFO  o.a.m.s.f.DefaultMavenResourcesFiltering - skip non existing resourceDirectory D:\EdubridgeJava\maven_project1\src\test\resources
2024-12-12 10:33:58,780 [Worker-29: Building] INFO  o.a.m.s.f.DefaultMavenResourcesFiltering - skip non existing resourceDirectory D:\EdubridgeJava\maven_project1\src\main\resources
2024-12-12 10:33:58,781 [Worker-29: Building] INFO  o.a.m.s.f.DefaultMavenResourcesFiltering - skip non existing resourceDirectory D:\EdubridgeJava\maven_project1\src\test\resources
2024-12-12 10:34:52,359 [Worker-29: Building] INFO  o.a.m.s.f.DefaultMavenResourcesFiltering - skip non existing resourceDirectory D:\EdubridgeJava\maven_project1\src\main\resources
2024-12-12 10:34:52,361 [Worker-29: Building] INFO  o.a.m.s.f.DefaultMavenResourcesFiltering - skip non existing resourceDirectory D:\EdubridgeJava\maven_project1\src\test\resources
2024-12-12 10:35:06,723 [Worker-26: Building] INFO  o.a.m.s.f.DefaultMavenResourcesFiltering - skip non existing resourceDirectory D:\EdubridgeJava\maven_project1\src\main\resources
2024-12-12 10:35:06,725 [Worker-26: Building] INFO  o.a.m.s.f.DefaultMavenResourcesFiltering - skip non existing resourceDirectory D:\EdubridgeJava\maven_project1\src\test\resources
2024-12-12 10:35:14,209 [Worker-28: Building] INFO  o.a.m.s.f.DefaultMavenResourcesFiltering - skip non existing resourceDirectory D:\EdubridgeJava\maven_project1\src\main\resources
2024-12-12 10:35:14,210 [Worker-28: Building] INFO  o.a.m.s.f.DefaultMavenResourcesFiltering - skip non existing resourceDirectory D:\EdubridgeJava\maven_project1\src\test\resources
2024-12-12 10:35:57,998 [Worker-29: Building] INFO  o.a.m.s.f.DefaultMavenResourcesFiltering - skip non existing resourceDirectory D:\EdubridgeJava\maven_project1\src\main\resources
2024-12-12 10:35:58,001 [Worker-29: Building] INFO  o.a.m.s.f.DefaultMavenResourcesFiltering - skip non existing resourceDirectory D:\EdubridgeJava\maven_project1\src\test\resources
2024-12-12 10:37:37,810 [Worker-26: Building] INFO  o.a.m.s.f.DefaultMavenResourcesFiltering - skip non existing resourceDirectory D:\EdubridgeJava\maven_project1\src\main\resources
2024-12-12 10:37:37,812 [Worker-26: Building] INFO  o.a.m.s.f.DefaultMavenResourcesFiltering - skip non existing resourceDirectory D:\EdubridgeJava\maven_project1\src\test\resources
2024-12-12 10:39:12,259 [Worker-28: Building] INFO  o.a.m.s.f.DefaultMavenResourcesFiltering - skip non existing resourceDirectory D:\EdubridgeJava\maven_project1\src\main\resources
2024-12-12 10:39:12,261 [Worker-28: Building] INFO  o.a.m.s.f.DefaultMavenResourcesFiltering - skip non existing resourceDirectory D:\EdubridgeJava\maven_project1\src\test\resources
2024-12-12 10:39:33,902 [Worker-28: Building] INFO  o.a.m.s.f.DefaultMavenResourcesFiltering - skip non existing resourceDirectory D:\EdubridgeJava\maven_project1\src\main\resources
2024-12-12 10:39:33,903 [Worker-28: Building] INFO  o.a.m.s.f.DefaultMavenResourcesFiltering - skip non existing resourceDirectory D:\EdubridgeJava\maven_project1\src\test\resources
2024-12-12 10:43:12,286 [Worker-26: Building] INFO  o.a.m.s.f.DefaultMavenResourcesFiltering - skip non existing resourceDirectory D:\EdubridgeJava\maven_project1\src\main\resources
2024-12-12 10:43:12,288 [Worker-26: Building] INFO  o.a.m.s.f.DefaultMavenResourcesFiltering - skip non existing resourceDirectory D:\EdubridgeJava\maven_project1\src\test\resources
2024-12-12 10:45:45,144 [Worker-32: Building] INFO  o.a.m.s.f.DefaultMavenResourcesFiltering - skip non existing resourceDirectory D:\EdubridgeJava\maven_project1\src\main\resources
2024-12-12 10:45:45,145 [Worker-32: Building] INFO  o.a.m.s.f.DefaultMavenResourcesFiltering - skip non existing resourceDirectory D:\EdubridgeJava\maven_project1\src\test\resources
2024-12-12 10:47:09,292 [Worker-32: Building] INFO  o.a.m.s.f.DefaultMavenResourcesFiltering - skip non existing resourceDirectory D:\EdubridgeJava\maven_project1\src\main\resources
2024-12-12 10:47:09,295 [Worker-32: Building] INFO  o.a.m.s.f.DefaultMavenResourcesFiltering - skip non existing resourceDirectory D:\EdubridgeJava\maven_project1\src\test\resources
2024-12-12 10:50:11,965 [Worker-32: Building] INFO  o.a.m.s.f.DefaultMavenResourcesFiltering - skip non existing resourceDirectory D:\EdubridgeJava\maven_project1\src\main\resources
2024-12-12 10:50:11,967 [Worker-32: Building] INFO  o.a.m.s.f.DefaultMavenResourcesFiltering - skip non existing resourceDirectory D:\EdubridgeJava\maven_project1\src\test\resources
2024-12-12 10:50:23,594 [Worker-32: Building] INFO  o.a.m.s.f.DefaultMavenResourcesFiltering - skip non existing resourceDirectory D:\EdubridgeJava\maven_project1\src\main\resources
2024-12-12 10:50:23,596 [Worker-32: Building] INFO  o.a.m.s.f.DefaultMavenResourcesFiltering - skip non existing resourceDirectory D:\EdubridgeJava\maven_project1\src\test\resources
2024-12-12 10:50:28,343 [Worker-37: Building] INFO  o.a.m.s.f.DefaultMavenResourcesFiltering - skip non existing resourceDirectory D:\EdubridgeJava\maven_project1\src\main\resources
2024-12-12 10:50:28,344 [Worker-37: Building] INFO  o.a.m.s.f.DefaultMavenResourcesFiltering - skip non existing resourceDirectory D:\EdubridgeJava\maven_project1\src\test\resources
2024-12-12 10:50:31,199 [Worker-35: Building] INFO  o.a.m.s.f.DefaultMavenResourcesFiltering - skip non existing resourceDirectory D:\EdubridgeJava\maven_project1\src\main\resources
2024-12-12 10:50:31,200 [Worker-35: Building] INFO  o.a.m.s.f.DefaultMavenResourcesFiltering - skip non existing resourceDirectory D:\EdubridgeJava\maven_project1\src\test\resources
2024-12-12 10:51:52,931 [Worker-37: Building] INFO  o.a.m.s.f.DefaultMavenResourcesFiltering - skip non existing resourceDirectory D:\EdubridgeJava\maven_project1\src\main\resources
2024-12-12 10:51:52,932 [Worker-37: Building] INFO  o.a.m.s.f.DefaultMavenResourcesFiltering - skip non existing resourceDirectory D:\EdubridgeJava\maven_project1\src\test\resources
2024-12-12 10:52:38,467 [Worker-37: Building] INFO  o.a.m.s.f.DefaultMavenResourcesFiltering - skip non existing resourceDirectory D:\EdubridgeJava\maven_project1\src\main\resources
2024-12-12 10:52:38,468 [Worker-37: Building] INFO  o.a.m.s.f.DefaultMavenResourcesFiltering - skip non existing resourceDirectory D:\EdubridgeJava\maven_project1\src\test\resources
2024-12-12 10:52:55,667 [Worker-37: Building] INFO  o.a.m.s.f.DefaultMavenResourcesFiltering - skip non existing resourceDirectory D:\EdubridgeJava\maven_project1\src\main\resources
2024-12-12 10:52:55,668 [Worker-37: Building] INFO  o.a.m.s.f.DefaultMavenResourcesFiltering - skip non existing resourceDirectory D:\EdubridgeJava\maven_project1\src\test\resources
2024-12-12 10:54:10,362 [Worker-36: Building] INFO  o.a.m.s.f.DefaultMavenResourcesFiltering - skip non existing resourceDirectory D:\EdubridgeJava\maven_project1\src\main\resources
2024-12-12 10:54:10,364 [Worker-36: Building] INFO  o.a.m.s.f.DefaultMavenResourcesFiltering - skip non existing resourceDirectory D:\EdubridgeJava\maven_project1\src\test\resources
2024-12-12 10:54:44,506 [Worker-26: Building] INFO  o.a.m.s.f.DefaultMavenResourcesFiltering - skip non existing resourceDirectory D:\EdubridgeJava\maven_project1\src\main\resources
2024-12-12 10:54:44,508 [Worker-26: Building] INFO  o.a.m.s.f.DefaultMavenResourcesFiltering - skip non existing resourceDirectory D:\EdubridgeJava\maven_project1\src\test\resources
2024-12-12 10:55:10,295 [Worker-32: Building] INFO  o.a.m.s.f.DefaultMavenResourcesFiltering - skip non existing resourceDirectory D:\EdubridgeJava\maven_project1\src\main\resources
2024-12-12 10:55:10,298 [Worker-32: Building] INFO  o.a.m.s.f.DefaultMavenResourcesFiltering - skip non existing resourceDirectory D:\EdubridgeJava\maven_project1\src\test\resources
2024-12-12 10:57:13,071 [Worker-38: Building] INFO  o.a.m.s.f.DefaultMavenResourcesFiltering - skip non existing resourceDirectory D:\EdubridgeJava\maven_project1\src\main\resources
2024-12-12 10:57:13,072 [Worker-38: Building] INFO  o.a.m.s.f.DefaultMavenResourcesFiltering - skip non existing resourceDirectory D:\EdubridgeJava\maven_project1\src\test\resources
2024-12-12 11:17:09,436 [Worker-41: Building] INFO  o.a.m.s.f.DefaultMavenResourcesFiltering - skip non existing resourceDirectory D:\EdubridgeJava\maven_project1\src\main\resources
2024-12-12 11:17:09,438 [Worker-41: Building] INFO  o.a.m.s.f.DefaultMavenResourcesFiltering - skip non existing resourceDirectory D:\EdubridgeJava\maven_project1\src\test\resources
2024-12-12 11:17:51,244 [Worker-46: Building] INFO  o.a.m.s.f.DefaultMavenResourcesFiltering - skip non existing resourceDirectory D:\EdubridgeJava\maven_project1\src\main\resources
2024-12-12 11:17:51,245 [Worker-46: Building] INFO  o.a.m.s.f.DefaultMavenResourcesFiltering - skip non existing resourceDirectory D:\EdubridgeJava\maven_project1\src\test\resources
2024-12-12 11:20:09,745 [Worker-46: Building] INFO  o.a.m.s.f.DefaultMavenResourcesFiltering - skip non existing resourceDirectory D:\EdubridgeJava\maven_project1\src\main\resources
2024-12-12 11:20:09,746 [Worker-46: Building] INFO  o.a.m.s.f.DefaultMavenResourcesFiltering - skip non existing resourceDirectory D:\EdubridgeJava\maven_project1\src\test\resources
2024-12-12 11:20:16,087 [Worker-48: Building] INFO  o.a.m.s.f.DefaultMavenResourcesFiltering - skip non existing resourceDirectory D:\EdubridgeJava\maven_project1\src\main\resources
2024-12-12 11:20:16,089 [Worker-48: Building] INFO  o.a.m.s.f.DefaultMavenResourcesFiltering - skip non existing resourceDirectory D:\EdubridgeJava\maven_project1\src\test\resources
2024-12-12 11:20:48,474 [Worker-49: Building] INFO  o.a.m.s.f.DefaultMavenResourcesFiltering - skip non existing resourceDirectory D:\EdubridgeJava\maven_project1\src\main\resources
2024-12-12 11:20:48,476 [Worker-49: Building] INFO  o.a.m.s.f.DefaultMavenResourcesFiltering - skip non existing resourceDirectory D:\EdubridgeJava\maven_project1\src\test\resources
2024-12-12 11:59:05,597 [Worker-51: Building] INFO  o.a.m.s.f.DefaultMavenResourcesFiltering - skip non existing resourceDirectory D:\EdubridgeJava\maven_project1\src\main\resources
2024-12-12 11:59:05,600 [Worker-51: Building] INFO  o.a.m.s.f.DefaultMavenResourcesFiltering - skip non existing resourceDirectory D:\EdubridgeJava\maven_project1\src\test\resources
2024-12-12 12:01:37,248 [Worker-53: Building] INFO  o.a.m.s.f.DefaultMavenResourcesFiltering - skip non existing resourceDirectory D:\EdubridgeJava\maven_project1\src\main\resources
2024-12-12 12:01:37,250 [Worker-53: Building] INFO  o.a.m.s.f.DefaultMavenResourcesFiltering - skip non existing resourceDirectory D:\EdubridgeJava\maven_project1\src\test\resources
